<?xml version="1.0" encoding="UTF-8"?>
<!-- Generated by org.testng.reporters.JUnitReportReporter -->
<testsuite hostname="DESKTOP-6VTJJ6I" failures="0" tests="1" name="com.ExceptionProject_2.AutomationExercise.AutomationExerciseTestCases" time="29.920" errors="0" timestamp="2024-02-05T10:10:21 IST" skipped="0">
  <testcase classname="com.ExceptionProject_2.AutomationExercise.AutomationExerciseTestCases" name="viewCategoryProducts" time="29.920"/>
</testsuite> <!-- com.ExceptionProject_2.AutomationExercise.AutomationExerciseTestCases -->
